{"uid":"f3cd15c649b0c13c","name":"testSuccessfulPaymentClearPrice","fullName":"com.coffeecart.ui.TestSuccessfulPaymentClearCart.testSuccessfulPaymentClearPrice","historyId":"ce5fdcd40e5967e20be6c4b9048ff4cf","time":{"start":1746701980740,"stop":1746701981241,"duration":501},"status":"failed","statusMessage":"expected [Success!] but found [Thanks for your purchase. Please check your email for payment.]","statusTrace":"java.lang.AssertionError: expected [Success!] but found [Thanks for your purchase. Please check your email for payment.]\n\tat org.testng.Assert.fail(Assert.java:111)\n\tat org.testng.Assert.failNotEquals(Assert.java:1578)\n\tat org.testng.Assert.assertEqualsImpl(Assert.java:150)\n\tat org.testng.Assert.assertEquals(Assert.java:132)\n\tat org.testng.Assert.assertEquals(Assert.java:656)\n\tat org.testng.Assert.assertEquals(Assert.java:666)\n\tat com.coffeecart.ui.TestSuccessfulPaymentClearCart.testSuccessfulPaymentClearPrice(TestSuccessfulPaymentClearCart.java:37)\n\tat java.base/jdk.internal.reflect.DirectMethodHandleAccessor.invoke(DirectMethodHandleAccessor.java:103)\n\tat java.base/java.lang.reflect.Method.invoke(Method.java:580)\n\tat org.testng.internal.invokers.MethodInvocationHelper.invokeMethod(MethodInvocationHelper.java:141)\n\tat org.testng.internal.invokers.TestInvoker.invokeMethod(TestInvoker.java:686)\n\tat org.testng.internal.invokers.TestInvoker.invokeTestMethod(TestInvoker.java:230)\n\tat org.testng.internal.invokers.MethodRunner.runInSequence(MethodRunner.java:63)\n\tat org.testng.internal.invokers.TestInvoker$MethodInvocationAgent.invoke(TestInvoker.java:992)\n\tat org.testng.internal.invokers.TestInvoker.invokeTestMethods(TestInvoker.java:203)\n\tat org.testng.internal.invokers.TestMethodWorker.invokeTestMethods(TestMethodWorker.java:154)\n\tat org.testng.internal.invokers.TestMethodWorker.run(TestMethodWorker.java:134)\n\tat java.base/java.util.ArrayList.forEach(ArrayList.java:1596)\n\tat org.testng.TestRunner.privateRun(TestRunner.java:739)\n\tat org.testng.TestRunner.run(TestRunner.java:614)\n\tat org.testng.SuiteRunner.runTest(SuiteRunner.java:421)\n\tat org.testng.SuiteRunner.runSequentially(SuiteRunner.java:413)\n\tat org.testng.SuiteRunner.privateRun(SuiteRunner.java:373)\n\tat org.testng.SuiteRunner.run(SuiteRunner.java:312)\n\tat org.testng.SuiteRunnerWorker.runSuite(SuiteRunnerWorker.java:52)\n\tat org.testng.SuiteRunnerWorker.run(SuiteRunnerWorker.java:95)\n\tat org.testng.TestNG.runSuitesSequentially(TestNG.java:1274)\n\tat org.testng.TestNG.runSuitesLocally(TestNG.java:1208)\n\tat org.testng.TestNG.runSuites(TestNG.java:1112)\n\tat org.testng.TestNG.run(TestNG.java:1079)\n\tat org.apache.maven.surefire.testng.TestNGExecutor.run(TestNGExecutor.java:155)\n\tat org.apache.maven.surefire.testng.TestNGDirectoryTestSuite.executeMulti(TestNGDirectoryTestSuite.java:169)\n\tat org.apache.maven.surefire.testng.TestNGDirectoryTestSuite.execute(TestNGDirectoryTestSuite.java:88)\n\tat org.apache.maven.surefire.testng.TestNGProvider.invoke(TestNGProvider.java:137)\n\tat org.apache.maven.surefire.booter.ForkedBooter.runSuitesInProcess(ForkedBooter.java:385)\n\tat org.apache.maven.surefire.booter.ForkedBooter.execute(ForkedBooter.java:162)\n\tat org.apache.maven.surefire.booter.ForkedBooter.run(ForkedBooter.java:507)\n\tat org.apache.maven.surefire.booter.ForkedBooter.main(ForkedBooter.java:495)\n","flaky":false,"newFailed":false,"newBroken":false,"newPassed":false,"retriesCount":0,"retriesStatusChange":false,"beforeStages":[{"name":"beforeClass","time":{"start":1746701960798,"stop":1746701961263,"duration":465},"description":"","status":"passed","steps":[{"name":"init ChromeDriver","time":{"start":1746701960798,"stop":1746701961122,"duration":324},"status":"passed","steps":[],"attachments":[],"parameters":[],"stepsCount":0,"attachmentsCount":0,"hasContent":false,"attachmentStep":false,"shouldDisplayMessage":false}],"attachments":[],"parameters":[],"stepsCount":1,"attachmentsCount":0,"hasContent":true,"attachmentStep":false,"shouldDisplayMessage":false}],"testStage":{"status":"failed","statusMessage":"expected [Success!] but found [Thanks for your purchase. Please check your email for payment.]","statusTrace":"java.lang.AssertionError: expected [Success!] but found [Thanks for your purchase. Please check your email for payment.]\n\tat org.testng.Assert.fail(Assert.java:111)\n\tat org.testng.Assert.failNotEquals(Assert.java:1578)\n\tat org.testng.Assert.assertEqualsImpl(Assert.java:150)\n\tat org.testng.Assert.assertEquals(Assert.java:132)\n\tat org.testng.Assert.assertEquals(Assert.java:656)\n\tat org.testng.Assert.assertEquals(Assert.java:666)\n\tat com.coffeecart.ui.TestSuccessfulPaymentClearCart.testSuccessfulPaymentClearPrice(TestSuccessfulPaymentClearCart.java:37)\n\tat java.base/jdk.internal.reflect.DirectMethodHandleAccessor.invoke(DirectMethodHandleAccessor.java:103)\n\tat java.base/java.lang.reflect.Method.invoke(Method.java:580)\n\tat org.testng.internal.invokers.MethodInvocationHelper.invokeMethod(MethodInvocationHelper.java:141)\n\tat org.testng.internal.invokers.TestInvoker.invokeMethod(TestInvoker.java:686)\n\tat org.testng.internal.invokers.TestInvoker.invokeTestMethod(TestInvoker.java:230)\n\tat org.testng.internal.invokers.MethodRunner.runInSequence(MethodRunner.java:63)\n\tat org.testng.internal.invokers.TestInvoker$MethodInvocationAgent.invoke(TestInvoker.java:992)\n\tat org.testng.internal.invokers.TestInvoker.invokeTestMethods(TestInvoker.java:203)\n\tat org.testng.internal.invokers.TestMethodWorker.invokeTestMethods(TestMethodWorker.java:154)\n\tat org.testng.internal.invokers.TestMethodWorker.run(TestMethodWorker.java:134)\n\tat java.base/java.util.ArrayList.forEach(ArrayList.java:1596)\n\tat org.testng.TestRunner.privateRun(TestRunner.java:739)\n\tat org.testng.TestRunner.run(TestRunner.java:614)\n\tat org.testng.SuiteRunner.runTest(SuiteRunner.java:421)\n\tat org.testng.SuiteRunner.runSequentially(SuiteRunner.java:413)\n\tat org.testng.SuiteRunner.privateRun(SuiteRunner.java:373)\n\tat org.testng.SuiteRunner.run(SuiteRunner.java:312)\n\tat org.testng.SuiteRunnerWorker.runSuite(SuiteRunnerWorker.java:52)\n\tat org.testng.SuiteRunnerWorker.run(SuiteRunnerWorker.java:95)\n\tat org.testng.TestNG.runSuitesSequentially(TestNG.java:1274)\n\tat org.testng.TestNG.runSuitesLocally(TestNG.java:1208)\n\tat org.testng.TestNG.runSuites(TestNG.java:1112)\n\tat org.testng.TestNG.run(TestNG.java:1079)\n\tat org.apache.maven.surefire.testng.TestNGExecutor.run(TestNGExecutor.java:155)\n\tat org.apache.maven.surefire.testng.TestNGDirectoryTestSuite.executeMulti(TestNGDirectoryTestSuite.java:169)\n\tat org.apache.maven.surefire.testng.TestNGDirectoryTestSuite.execute(TestNGDirectoryTestSuite.java:88)\n\tat org.apache.maven.surefire.testng.TestNGProvider.invoke(TestNGProvider.java:137)\n\tat org.apache.maven.surefire.booter.ForkedBooter.runSuitesInProcess(ForkedBooter.java:385)\n\tat org.apache.maven.surefire.booter.ForkedBooter.execute(ForkedBooter.java:162)\n\tat org.apache.maven.surefire.booter.ForkedBooter.run(ForkedBooter.java:507)\n\tat org.apache.maven.surefire.booter.ForkedBooter.main(ForkedBooter.java:495)\n","steps":[{"name":"Click on cup with title: Cafe Breve","time":{"start":1746701980749,"stop":1746701980927,"duration":178},"status":"passed","steps":[{"name":"Click on Cup body","time":{"start":1746701980843,"stop":1746701980927,"duration":84},"status":"passed","steps":[],"attachments":[],"parameters":[],"stepsCount":0,"attachmentsCount":0,"hasContent":false,"attachmentStep":false,"shouldDisplayMessage":false}],"attachments":[],"parameters":[{"name":"drinkName","value":"Cafe Breve"}],"stepsCount":1,"attachmentsCount":0,"hasContent":true,"attachmentStep":false,"shouldDisplayMessage":false},{"name":"Click 'Total' button","time":{"start":1746701980927,"stop":1746701980993,"duration":66},"status":"passed","steps":[],"attachments":[],"parameters":[],"stepsCount":0,"attachmentsCount":0,"hasContent":false,"attachmentStep":false,"shouldDisplayMessage":false},{"name":"Set Name Input test","time":{"start":1746701980993,"stop":1746701981047,"duration":54},"status":"passed","steps":[],"attachments":[],"parameters":[{"name":"name","value":"test"}],"stepsCount":0,"attachmentsCount":0,"hasContent":true,"attachmentStep":false,"shouldDisplayMessage":false},{"name":"Set Email Input test@test.com","time":{"start":1746701981047,"stop":1746701981116,"duration":69},"status":"passed","steps":[],"attachments":[],"parameters":[{"name":"email","value":"test@test.com"}],"stepsCount":0,"attachmentsCount":0,"hasContent":true,"attachmentStep":false,"shouldDisplayMessage":false},{"name":"Submit button click with valid values on the Menu page","time":{"start":1746701981116,"stop":1746701981168,"duration":52},"status":"passed","steps":[],"attachments":[],"parameters":[],"stepsCount":0,"attachmentsCount":0,"hasContent":false,"attachmentStep":false,"shouldDisplayMessage":false}],"attachments":[],"parameters":[],"stepsCount":6,"attachmentsCount":0,"hasContent":true,"attachmentStep":false,"shouldDisplayMessage":true},"afterStages":[{"name":"resetDriver","time":{"start":1746701981242,"stop":1746701981293,"duration":51},"description":"","status":"passed","steps":[],"attachments":[],"parameters":[],"stepsCount":0,"attachmentsCount":0,"hasContent":false,"attachmentStep":false,"shouldDisplayMessage":false},{"name":"afterClass","time":{"start":1746701981294,"stop":1746701981368,"duration":74},"description":"","status":"passed","steps":[],"attachments":[],"parameters":[],"stepsCount":0,"attachmentsCount":0,"hasContent":false,"attachmentStep":false,"shouldDisplayMessage":false}],"labels":[{"name":"package","value":"com.coffeecart.ui.TestSuccessfulPaymentClearCart"},{"name":"testClass","value":"com.coffeecart.ui.TestSuccessfulPaymentClearCart"},{"name":"testMethod","value":"testSuccessfulPaymentClearPrice"},{"name":"parentSuite","value":"Surefire suite"},{"name":"suite","value":"Surefire test"},{"name":"subSuite","value":"com.coffeecart.ui.TestSuccessfulPaymentClearCart"},{"name":"host","value":"WT3oW3U0hDiH0l"},{"name":"thread","value":"2815@WT3oW3U0hDiH0l.main(1)"},{"name":"framework","value":"testng"},{"name":"language","value":"java"},{"name":"resultFormat","value":"allure2"}],"parameters":[{"name":"arg0","value":"Cafe Breve"}],"links":[],"hidden":false,"retry":false,"extra":{"severity":"normal","retries":[],"categories":[{"name":"Product defects","matchedStatuses":[],"flaky":false}],"history":{"statistic":{"failed":6,"broken":0,"skipped":4,"passed":0,"unknown":0,"total":10},"items":[{"uid":"3fbd46c1073b28d7","reportUrl":"https://adidvar.github.io/coffeecart.taqc/11//#testresult/3fbd46c1073b28d7","status":"failed","statusDetails":"expected [Success!] but found [Thanks for your purchase. Please check your email for payment.]","time":{"start":1746698739709,"stop":1746698740696,"duration":987}},{"uid":"c2a93ffceaf9fc4b","reportUrl":"https://adidvar.github.io/coffeecart.taqc/10//#testresult/c2a93ffceaf9fc4b","status":"failed","statusDetails":"expected [Success!] but found [Thanks for your purchase. Please check your email for payment.]","time":{"start":1746698237511,"stop":1746698238534,"duration":1023}},{"uid":"454dfad9f269dbc2","reportUrl":"https://adidvar.github.io/coffeecart.taqc/9//#testresult/454dfad9f269dbc2","status":"failed","statusDetails":"expected [Success!] but found [Thanks for your purchase. Please check your email for payment.]","time":{"start":1746697831529,"stop":1746697832052,"duration":523}},{"uid":"dc6114234f8bb40e","reportUrl":"https://adidvar.github.io/coffeecart.taqc/8//#testresult/dc6114234f8bb40e","status":"failed","statusDetails":"expected [Success!] but found [Thanks for your purchase. Please check your email for payment.]","time":{"start":1746697584179,"stop":1746697584762,"duration":583}},{"uid":"469f97cb2b151cc5","reportUrl":"https://adidvar.github.io/coffeecart.taqc/7//#testresult/469f97cb2b151cc5","status":"failed","statusDetails":"expected [Success!] but found [Thanks for your purchase. Please check your email for payment.]","time":{"start":1746697320243,"stop":1746697320789,"duration":546}},{"uid":"8d4fd2cc99d397a6","reportUrl":"https://adidvar.github.io/coffeecart.taqc/6//#testresult/8d4fd2cc99d397a6","status":"skipped","statusDetails":"Could not start a new session. Response code 500. Message: session not created: probably user data directory is already in use, please specify a unique value for --user-data-dir argument, or don't use --user-data-dir \nHost info: host: '9XASMn4vL6V4dR', ip: '10.1.1.87'\nBuild info: version: '4.30.0', revision: '509c7f17cc*'\nSystem info: os.name: 'Linux', os.arch: 'amd64', os.version: '6.11.0-1012-azure', java.version: '21.0.7'\nDriver info: org.openqa.selenium.chrome.ChromeDriver\nCommand: [null, newSession {capabilities=[Capabilities {browserName: chrome, goog:chromeOptions: {args: [], extensions: []}}]}]","time":{"start":1746696968315,"stop":1746696968316,"duration":1}},{"uid":"6055a674cf00b71b","reportUrl":"https://adidvar.github.io/coffeecart.taqc/5//#testresult/6055a674cf00b71b","status":"skipped","statusDetails":"Session ID is null. Using WebDriver after calling quit()?\nBuild info: version: '4.30.0', revision: '509c7f17cc*'\nSystem info: os.name: 'Linux', os.arch: 'amd64', os.version: '6.11.0-1012-azure', java.version: '21.0.7'\nDriver info: org.openqa.selenium.chrome.ChromeDriver\nCommand: [null, get {url=https://coffee-cart.app/}]\nCapabilities {acceptInsecureCerts: false, browserName: chrome, browserVersion: 135.0.7049.114, chrome: {chromedriverVersion: 135.0.7049.114 (63fd8a7d9d0..., userDataDir: /tmp/chrome-data-1746696287}, fedcm:accounts: true, goog:chromeOptions: {debuggerAddress: localhost:38891}, networkConnectionEnabled: false, pageLoadStrategy: normal, platformName: linux, proxy: Proxy(), se:cdp: ws://localhost:38891/devtoo..., se:cdpVersion: 135.0.7049.114, setWindowRect: true, strictFileInteractability: false, timeouts: {implicit: 0, pageLoad: 300000, script: 30000}, unhandledPromptBehavior: dismiss and notify, webauthn:extension:credBlob: true, webauthn:extension:largeBlob: true, webauthn:extension:minPinLength: true, webauthn:extension:prf: true, webauthn:virtualAuthenticators: true}","time":{"start":1746696310238,"stop":1746696310238,"duration":0}},{"uid":"e7ec322a5ea162e5","reportUrl":"https://adidvar.github.io/coffeecart.taqc/4//#testresult/e7ec322a5ea162e5","status":"skipped","statusDetails":"Could not start a new session. Response code 500. Message: session not created: probably user data directory is already in use, please specify a unique value for --user-data-dir argument, or don't use --user-data-dir \nHost info: host: 'vKMSCdRSJmYXtV', ip: '10.1.1.121'\nBuild info: version: '4.30.0', revision: '509c7f17cc*'\nSystem info: os.name: 'Linux', os.arch: 'amd64', os.version: '6.11.0-1012-azure', java.version: '21.0.7'\nDriver info: org.openqa.selenium.chrome.ChromeDriver\nCommand: [null, newSession {capabilities=[Capabilities {browserName: chrome, goog:chromeOptions: {args: [], extensions: []}}]}]","time":{"start":1746695787893,"stop":1746695787893,"duration":0}},{"uid":"b706002a0472a674","reportUrl":"https://adidvar.github.io/coffeecart.taqc/3//#testresult/b706002a0472a674","status":"skipped","statusDetails":"Could not start a new session. Response code 500. Message: session not created: probably user data directory is already in use, please specify a unique value for --user-data-dir argument, or don't use --user-data-dir \nHost info: host: 'cU78n0M2ZkavSv', ip: '10.1.0.180'\nBuild info: version: '4.30.0', revision: '509c7f17cc*'\nSystem info: os.name: 'Linux', os.arch: 'amd64', os.version: '6.11.0-1012-azure', java.version: '21.0.7'\nDriver info: org.openqa.selenium.chrome.ChromeDriver\nCommand: [null, newSession {capabilities=[Capabilities {browserName: chrome, goog:chromeOptions: {args: [], extensions: []}}]}]","time":{"start":1746695494586,"stop":1746695494586,"duration":0}}]},"tags":[]},"source":"f3cd15c649b0c13c.json","parameterValues":["Cafe Breve"]}